<?xml version="1.0" encoding="UTF-8"?>
<!-- Generated by org.testng.reporters.JUnitReportReporter -->
<testsuite hostname="SPICITY906" name="TestNGtutor.TestBase" tests="6" failures="0" timestamp="10 Jul 2019 07:15:02 GMT" time="31.266" errors="0">
  <testcase name="MobileLoginCarLoan" time="0.000" classname="TestNGtutor.TestBase"/>
  <testcase name="APILoginCarLoan" time="0.002" classname="TestNGtutor.TestBase"/>
  <testcase name="login" time="31.263" classname="TestNGtutor.TestBase"/>
  <testcase name="WebLoginCarLoan" time="0.001" classname="TestNGtutor.TestBase"/>
  <testcase name="MobileLoginCarLoan" time="0.000" classname="TestNGtutor.TestBase"/>
  <testcase name="MobileLoginCarLoan" time="0.000" classname="TestNGtutor.TestBase"/>
</testsuite> <!-- TestNGtutor.TestBase -->
