<?xml version="1.0" encoding="UTF-8"?>
<!-- Generated by org.testng.reporters.JUnitReportReporter -->
<testsuite skipped="0" hostname="SPICITY906" name="TestNGtutor.Loginapp" tests="1" failures="0" timestamp="20 Jun 2019 12:47:38 GMT" time="22.990" errors="0">
  <testcase name="login" time="22.990" classname="TestNGtutor.Loginapp"/>
</testsuite> <!-- TestNGtutor.Loginapp -->
