<?xml version="1.0" encoding="UTF-8"?>
<!-- Generated by org.testng.reporters.JUnitReportReporter -->
<testsuite hostname="SPICITY906" name="TestNGtutor.Day2" tests="7" failures="0" timestamp="10 Jul 2019 07:15:01 GMT" time="26.312" errors="0">
  <testcase name="login" time="26.310" classname="TestNGtutor.Day2"/>
  <testcase name="paersonal" time="0.000" classname="TestNGtutor.Day2"/>
  <testcase name="WebLoginCarLoan" time="0.001" classname="TestNGtutor.Day2"/>
  <testcase name="MobileLoginCarLoan" time="0.000" classname="TestNGtutor.Day2"/>
  <testcase name="MobileLoginCarLoan" time="0.000" classname="TestNGtutor.Day2"/>
  <testcase name="APILoginCarLoan" time="0.001" classname="TestNGtutor.Day2"/>
  <testcase name="MobileLoginCarLoan" time="0.000" classname="TestNGtutor.Day2"/>
</testsuite> <!-- TestNGtutor.Day2 -->
