<?xml version="1.0" encoding="UTF-8"?>
<!-- Generated by org.testng.reporters.JUnitReportReporter -->
<testsuite hostname="SPICITY906" name="TestNGtutor.Day1" tests="8" failures="0" timestamp="10 Jul 2019 07:15:02 GMT" time="126.928" errors="0">
  <testcase name="APILoginCarLoan" time="0.001" classname="TestNGtutor.Day1"/>
  <testcase name="MobileLoginCarLoan" time="0.001" classname="TestNGtutor.Day1"/>
  <testcase name="MobileLoginCarLoan" time="0.001" classname="TestNGtutor.Day1"/>
  <testcase name="MobileLoginCarLoan" time="0.004" classname="TestNGtutor.Day1"/>
  <testcase name="Demo" time="82.961" classname="TestNGtutor.Day1"/>
  <testcase name="Demo2" time="0.000" classname="TestNGtutor.Day1"/>
  <testcase name="login" time="43.959" classname="TestNGtutor.Day1"/>
  <testcase name="WebLoginCarLoan" time="0.001" classname="TestNGtutor.Day1"/>
</testsuite> <!-- TestNGtutor.Day1 -->
