<?xml version="1.0" encoding="UTF-8"?>
<!-- Generated by org.testng.reporters.JUnitReportReporter -->
<testsuite skipped="0" hostname="SPICITY906" name="testcasess.Loginapp" tests="1" failures="0" timestamp="21 Jun 2019 05:29:29 GMT" time="36.997" errors="0">
  <testcase name="login" time="36.997" classname="testcasess.Loginapp"/>
</testsuite> <!-- testcasess.Loginapp -->
