<?xml version="1.0" encoding="UTF-8"?>
<!-- Generated by org.testng.reporters.JUnitReportReporter -->
<testsuite skipped="0" hostname="SPICITY906" name="TestNGtutor.Day3" tests="6" failures="0" timestamp="11 Jun 2019 08:53:59 GMT" time="4.498" errors="0">
  <testcase name="MobileLoginCarLoan" time="0.002" classname="TestNGtutor.Day3"/>
  <testcase name="MobileLoginCarLoan" time="0.008" classname="TestNGtutor.Day3"/>
  <testcase name="WebLoginCarLoan" time="0.003" classname="TestNGtutor.Day3"/>
  <testcase name="MobileLoginCarLoan" time="0.002" classname="TestNGtutor.Day3"/>
  <testcase name="APILoginCarLoan" time="0.004" classname="TestNGtutor.Day3"/>
  <testcase name="Beforeevery" time="4.479" classname="TestNGtutor.Day3"/>
</testsuite> <!-- TestNGtutor.Day3 -->
